./GankTests/.GankTests.swift.bak
./Pods/Moya/Sources/Moya/.MultipartFormData.swift.bak
./Pods/Moya/Sources/Moya/.MoyaProvider+Defaults.swift.bak
./Pods/Moya/Sources/Moya/.Moya+Alamofire.swift.bak
./Pods/Moya/Sources/Moya/.MoyaProvider+Internal.swift.bak
./Pods/Moya/Sources/Moya/.ValidationType.swift.bak
./Pods/Moya/Sources/Moya/.URL+Moya.swift.bak
./Pods/Moya/Sources/Moya/.URLRequest+Encoding.swift.bak
./Pods/Moya/Sources/Moya/.MultiTarget.swift.bak
./Pods/Moya/Sources/Moya/.TargetType.swift.bak
./Pods/Moya/Sources/Moya/Plugins/.CredentialsPlugin.swift.bak
./Pods/Moya/Sources/Moya/Plugins/.NetworkLoggerPlugin.swift.bak
./Pods/Moya/Sources/Moya/Plugins/.NetworkActivityPlugin.swift.bak
./Pods/Moya/Sources/Moya/Plugins/.AccessTokenPlugin.swift.bak
./Pods/Moya/Sources/Moya/.Image.swift.bak
./Pods/Moya/Sources/Moya/.MoyaError.swift.bak
./Pods/Moya/Sources/Moya/.Response.swift.bak
./Pods/Moya/Sources/Moya/.Cancellable.swift.bak
./Pods/Moya/Sources/Moya/.Task.swift.bak
./Pods/Moya/Sources/Moya/.MoyaProvider.swift.bak
./Pods/Moya/Sources/Moya/.Plugin.swift.bak
./Pods/Moya/Sources/Moya/.Endpoint.swift.bak
./Pods/Moya/Sources/Moya/.AnyEncodable.swift.bak
./Pods/Moya/Sources/RxMoya/.Observable+Response.swift.bak
./Pods/Moya/Sources/RxMoya/.MoyaProvider+Rx.swift.bak
./Pods/Moya/Sources/RxMoya/.Single+Response.swift.bak
./Pods/RxCocoa/RxCocoa/Traits/.PublishRelay.swift.bak
./Pods/RxCocoa/RxCocoa/Traits/.ControlEvent.swift.bak
./Pods/RxCocoa/RxCocoa/Traits/.ControlProperty.swift.bak
./Pods/RxCocoa/RxCocoa/Traits/Driver/.Driver+Subscription.swift.bak
./Pods/RxCocoa/RxCocoa/Traits/Driver/.BehaviorRelay+Driver.swift.bak
./Pods/RxCocoa/RxCocoa/Traits/Driver/.ObservableConvertibleType+Driver.swift.bak
./Pods/RxCocoa/RxCocoa/Traits/Driver/.Driver.swift.bak
./Pods/RxCocoa/RxCocoa/Traits/Driver/.ControlEvent+Driver.swift.bak
./Pods/RxCocoa/RxCocoa/Traits/Driver/.ControlProperty+Driver.swift.bak
./Pods/RxCocoa/RxCocoa/Traits/.BehaviorRelay.swift.bak
./Pods/RxCocoa/RxCocoa/Traits/SharedSequence/.SharedSequence.swift.bak
./Pods/RxCocoa/RxCocoa/Traits/SharedSequence/.SharedSequence+Operators+arity.swift.bak
./Pods/RxCocoa/RxCocoa/Traits/SharedSequence/.SchedulerType+SharedSequence.swift.bak
./Pods/RxCocoa/RxCocoa/Traits/SharedSequence/.SharedSequence+Operators.swift.bak
./Pods/RxCocoa/RxCocoa/Traits/SharedSequence/.ObservableConvertibleType+SharedSequence.swift.bak
./Pods/RxCocoa/RxCocoa/Traits/Signal/.ObservableConvertibleType+Signal.swift.bak
./Pods/RxCocoa/RxCocoa/Traits/Signal/.PublishRelay+Signal.swift.bak
./Pods/RxCocoa/RxCocoa/Traits/Signal/.Signal+Subscription.swift.bak
./Pods/RxCocoa/RxCocoa/Traits/Signal/.ControlEvent+Signal.swift.bak
./Pods/RxCocoa/RxCocoa/Traits/Signal/.Signal.swift.bak
./Pods/RxCocoa/RxCocoa/Runtime/._RXDelegateProxy.m.bak
./Pods/RxCocoa/RxCocoa/Runtime/._RXObjCRuntime.m.bak
./Pods/RxCocoa/RxCocoa/Runtime/._RX.m.bak
./Pods/RxCocoa/RxCocoa/Runtime/include/._RXKVOObserver.h.bak
./Pods/RxCocoa/RxCocoa/Runtime/include/._RXObjCRuntime.h.bak
./Pods/RxCocoa/RxCocoa/Runtime/include/._RXDelegateProxy.h.bak
./Pods/RxCocoa/RxCocoa/Runtime/include/._RX.h.bak
./Pods/RxCocoa/RxCocoa/Runtime/include/.RxCocoaRuntime.h.bak
./Pods/RxCocoa/RxCocoa/Runtime/._RXKVOObserver.m.bak
./Pods/RxCocoa/RxCocoa/Foundation/.NSObject+Rx+KVORepresentable.swift.bak
./Pods/RxCocoa/RxCocoa/Foundation/.Logging.swift.bak
./Pods/RxCocoa/RxCocoa/Foundation/.KVORepresentable.swift.bak
./Pods/RxCocoa/RxCocoa/Foundation/.NSObject+Rx+RawRepresentable.swift.bak
./Pods/RxCocoa/RxCocoa/Foundation/.NotificationCenter+Rx.swift.bak
./Pods/RxCocoa/RxCocoa/Foundation/.KVORepresentable+CoreGraphics.swift.bak
./Pods/RxCocoa/RxCocoa/Foundation/.KVORepresentable+Swift.swift.bak
./Pods/RxCocoa/RxCocoa/Foundation/.NSObject+Rx.swift.bak
./Pods/RxCocoa/RxCocoa/Foundation/.URLSession+Rx.swift.bak
./Pods/RxCocoa/RxCocoa/.RxCocoa.h.bak
./Pods/RxCocoa/RxCocoa/iOS/DataSources/.RxPickerViewAdapter.swift.bak
./Pods/RxCocoa/RxCocoa/iOS/DataSources/.RxCollectionViewReactiveArrayDataSource.swift.bak
./Pods/RxCocoa/RxCocoa/iOS/DataSources/.RxTableViewReactiveArrayDataSource.swift.bak
./Pods/RxCocoa/RxCocoa/iOS/.UIDatePicker+Rx.swift.bak
./Pods/RxCocoa/RxCocoa/iOS/.UIScrollView+Rx.swift.bak
./Pods/RxCocoa/RxCocoa/iOS/.UIApplication+Rx.swift.bak
./Pods/RxCocoa/RxCocoa/iOS/.UISegmentedControl+Rx.swift.bak
./Pods/RxCocoa/RxCocoa/iOS/.UITextView+Rx.swift.bak
./Pods/RxCocoa/RxCocoa/iOS/.UIRefreshControl+Rx.swift.bak
./Pods/RxCocoa/RxCocoa/iOS/.UIImageView+Rx.swift.bak
./Pods/RxCocoa/RxCocoa/iOS/.UILabel+Rx.swift.bak
./Pods/RxCocoa/RxCocoa/iOS/.UITabBarItem+Rx.swift.bak
./Pods/RxCocoa/RxCocoa/iOS/.NSTextStorage+Rx.swift.bak
./Pods/RxCocoa/RxCocoa/iOS/.UIProgressView+Rx.swift.bak
./Pods/RxCocoa/RxCocoa/iOS/.UITabBarController+Rx.swift.bak
./Pods/RxCocoa/RxCocoa/iOS/.UIWebView+Rx.swift.bak
./Pods/RxCocoa/RxCocoa/iOS/.UITextField+Rx.swift.bak
./Pods/RxCocoa/RxCocoa/iOS/.UISearchBar+Rx.swift.bak
./Pods/RxCocoa/RxCocoa/iOS/.UIAlertAction+Rx.swift.bak
./Pods/RxCocoa/RxCocoa/iOS/.UISlider+Rx.swift.bak
./Pods/RxCocoa/RxCocoa/iOS/.UIPickerView+Rx.swift.bak
./Pods/RxCocoa/RxCocoa/iOS/.UIView+Rx.swift.bak
./Pods/RxCocoa/RxCocoa/iOS/.UIButton+Rx.swift.bak
./Pods/RxCocoa/RxCocoa/iOS/.UISearchController+Rx.swift.bak
./Pods/RxCocoa/RxCocoa/iOS/.UITabBar+Rx.swift.bak
./Pods/RxCocoa/RxCocoa/iOS/.UISwitch+Rx.swift.bak
./Pods/RxCocoa/RxCocoa/iOS/.UIPageControl+Rx.swift.bak
./Pods/RxCocoa/RxCocoa/iOS/.UIViewController+Rx.swift.bak
./Pods/RxCocoa/RxCocoa/iOS/.UICollectionView+Rx.swift.bak
./Pods/RxCocoa/RxCocoa/iOS/.UIActivityIndicatorView+Rx.swift.bak
./Pods/RxCocoa/RxCocoa/iOS/.UITableView+Rx.swift.bak
./Pods/RxCocoa/RxCocoa/iOS/Proxies/.RxPickerViewDelegateProxy.swift.bak
./Pods/RxCocoa/RxCocoa/iOS/Proxies/.RxTableViewDelegateProxy.swift.bak
./Pods/RxCocoa/RxCocoa/iOS/Proxies/.RxNavigationControllerDelegateProxy.swift.bak
./Pods/RxCocoa/RxCocoa/iOS/Proxies/.RxSearchControllerDelegateProxy.swift.bak
./Pods/RxCocoa/RxCocoa/iOS/Proxies/.RxTabBarControllerDelegateProxy.swift.bak
./Pods/RxCocoa/RxCocoa/iOS/Proxies/.RxCollectionViewDelegateProxy.swift.bak
./Pods/RxCocoa/RxCocoa/iOS/Proxies/.RxScrollViewDelegateProxy.swift.bak
./Pods/RxCocoa/RxCocoa/iOS/Proxies/.RxPickerViewDataSourceProxy.swift.bak
./Pods/RxCocoa/RxCocoa/iOS/Proxies/.RxTableViewDataSourceProxy.swift.bak
./Pods/RxCocoa/RxCocoa/iOS/Proxies/.RxSearchBarDelegateProxy.swift.bak
./Pods/RxCocoa/RxCocoa/iOS/Proxies/.RxCollectionViewDataSourceProxy.swift.bak
./Pods/RxCocoa/RxCocoa/iOS/Proxies/.RxWebViewDelegateProxy.swift.bak
./Pods/RxCocoa/RxCocoa/iOS/Proxies/.RxTextViewDelegateProxy.swift.bak
./Pods/RxCocoa/RxCocoa/iOS/Proxies/.RxTextStorageDelegateProxy.swift.bak
./Pods/RxCocoa/RxCocoa/iOS/Proxies/.RxTabBarDelegateProxy.swift.bak
./Pods/RxCocoa/RxCocoa/iOS/Events/.ItemEvents.swift.bak
./Pods/RxCocoa/RxCocoa/iOS/.UIGestureRecognizer+Rx.swift.bak
./Pods/RxCocoa/RxCocoa/iOS/.UIStepper+Rx.swift.bak
./Pods/RxCocoa/RxCocoa/iOS/Protocols/.RxPickerViewDataSourceType.swift.bak
./Pods/RxCocoa/RxCocoa/iOS/Protocols/.RxCollectionViewDataSourceType.swift.bak
./Pods/RxCocoa/RxCocoa/iOS/Protocols/.RxTableViewDataSourceType.swift.bak
./Pods/RxCocoa/RxCocoa/iOS/.UINavigationController+Rx.swift.bak
./Pods/RxCocoa/RxCocoa/iOS/.UIControl+Rx.swift.bak
./Pods/RxCocoa/RxCocoa/iOS/.UIBarButtonItem+Rx.swift.bak
./Pods/RxCocoa/RxCocoa/iOS/.UINavigationItem+Rx.swift.bak
./Pods/RxCocoa/RxCocoa/Common/.NSLayoutConstraint+Rx.swift.bak
./Pods/RxCocoa/RxCocoa/Common/.DelegateProxy.swift.bak
./Pods/RxCocoa/RxCocoa/Common/.RxCocoaObjCRuntimeError+Extensions.swift.bak
./Pods/RxCocoa/RxCocoa/Common/.Binder.swift.bak
./Pods/RxCocoa/RxCocoa/Common/.TextInput.swift.bak
./Pods/RxCocoa/RxCocoa/Common/.SectionedViewDataSourceType.swift.bak
./Pods/RxCocoa/RxCocoa/Common/.ControlTarget.swift.bak
./Pods/RxCocoa/RxCocoa/Common/.Observable+Bind.swift.bak
./Pods/RxCocoa/RxCocoa/Common/.RxTarget.swift.bak
./Pods/RxCocoa/RxCocoa/Common/.DelegateProxyType.swift.bak
./Pods/RxCocoa/RxCocoa/.Deprecated.swift.bak
./Pods/RxCocoa/RxCocoa/.RxCocoa.swift.bak
./Pods/RxCocoa/Platform/.Platform.Darwin.swift.bak
./Pods/RxCocoa/Platform/.DeprecationWarner.swift.bak
./Pods/RxCocoa/Platform/.DispatchQueue+Extensions.swift.bak
./Pods/RxCocoa/Platform/DataStructures/.Bag.swift.bak
./Pods/RxCocoa/Platform/DataStructures/.PriorityQueue.swift.bak
./Pods/RxCocoa/Platform/DataStructures/.Queue.swift.bak
./Pods/RxCocoa/Platform/DataStructures/.InfiniteSequence.swift.bak
./Pods/RxCocoa/Platform/.Platform.Linux.swift.bak
./Pods/RxCocoa/Platform/.RecursiveLock.swift.bak
./Pods/SwiftyJSON/Source/.SwiftyJSON.swift.bak
./Pods/Alamofire/Source/.TaskDelegate.swift.bak
./Pods/Alamofire/Source/.MultipartFormData.swift.bak
./Pods/Alamofire/Source/.NetworkReachabilityManager.swift.bak
./Pods/Alamofire/Source/.Timeline.swift.bak
./Pods/Alamofire/Source/.DispatchQueue+Alamofire.swift.bak
./Pods/Alamofire/Source/.Result.swift.bak
./Pods/Alamofire/Source/.ParameterEncoding.swift.bak
./Pods/Alamofire/Source/.AFError.swift.bak
./Pods/Alamofire/Source/.Validation.swift.bak
./Pods/Alamofire/Source/.Notifications.swift.bak
./Pods/Alamofire/Source/.Response.swift.bak
./Pods/Alamofire/Source/.Alamofire.swift.bak
./Pods/Alamofire/Source/.Request.swift.bak
./Pods/Alamofire/Source/.SessionManager.swift.bak
./Pods/Alamofire/Source/.ResponseSerialization.swift.bak
./Pods/Alamofire/Source/.ServerTrustPolicy.swift.bak
./Pods/Alamofire/Source/.SessionDelegate.swift.bak
./Pods/Result/Result/.ResultProtocol.swift.bak
./Pods/Result/Result/.Result.swift.bak
./Pods/PKHUD/PKHUD/.PKHUDSystemActivityIndicatorView.swift.bak
./Pods/PKHUD/PKHUD/.PKHUDAnimation.swift.bak
./Pods/PKHUD/PKHUD/.PKHUDAnimating.swift.bak
./Pods/PKHUD/PKHUD/.FrameView.swift.bak
./Pods/PKHUD/PKHUD/.PKHUD.swift.bak
./Pods/PKHUD/PKHUD/.PKHUDSuccessView.swift.bak
./Pods/PKHUD/PKHUD/.PKHUDAssets.swift.bak
./Pods/PKHUD/PKHUD/.PKHUDWideBaseView.swift.bak
./Pods/PKHUD/PKHUD/.PKHUDTextView.swift.bak
./Pods/PKHUD/PKHUD/.HUD.swift.bak
./Pods/PKHUD/PKHUD/.PKHUDRotatingImageView.swift.bak
./Pods/PKHUD/PKHUD/.Window.swift.bak
./Pods/PKHUD/PKHUD/.WindowRootViewController.swift.bak
./Pods/PKHUD/PKHUD/.PKHUDProgressView.swift.bak
./Pods/PKHUD/PKHUD/.PKHUDSquareBaseView.swift.bak
./Pods/PKHUD/PKHUD/.PKHUDErrorView.swift.bak
./Pods/PKHUD/PKHUD/.PKHUD.h.bak
./Pods/.WCDB.swift.bak
./Pods/WCDB.swift/sqlcipher/.fts5.h.bak
./Pods/WCDB.swift/sqlcipher/.parse.h.bak
./Pods/WCDB.swift/sqlcipher/ext/rbu/.sqlite3rbu.c.bak
./Pods/WCDB.swift/sqlcipher/ext/rbu/.sqlite3rbu.h.bak
./Pods/WCDB.swift/sqlcipher/ext/userauth/.sqlite3userauth.h.bak
./Pods/WCDB.swift/sqlcipher/ext/fts3/.fts3_porter.c.bak
./Pods/WCDB.swift/sqlcipher/ext/fts3/.fts3_hash.c.bak
./Pods/WCDB.swift/sqlcipher/ext/fts3/.fts3Int.h.bak
./Pods/WCDB.swift/sqlcipher/ext/fts3/.fts3.c.bak
./Pods/WCDB.swift/sqlcipher/ext/fts3/.fts3_unicode2.c.bak
./Pods/WCDB.swift/sqlcipher/ext/fts3/.fts3_tokenizer.c.bak
./Pods/WCDB.swift/sqlcipher/ext/fts3/.fts3_icu.c.bak
./Pods/.Target.bak
./Pods/.Target.bak
./Pods/.Target.bak
./Pods/.Target.bak
./Pods/.Target.bak
./Pods/.Target.bak
./Pods/.Target.bak
./Pods/.Target.bak
./Pods/.Target.bak
./Pods/.Target.bak
./Pods/.Target.bak
./Pods/.Target.bak
./Pods/.Target.bak
./Pods/.Target.bak
./Pods/.Target.bak
./Pods/.Target.bak
./Pods/.Target.bak
./Pods/.Target.bak
./Pods/.Target.bak
./Pods/.Target.bak
./Pods/.Target.bak
./Pods/.Target.bak
./Pods/.Target.bak
./Pods/.Target.bak
./Pods/.Target.bak
./Pods/.Target.bak
./Pods/.Target.bak
./Pods/.Target.bak
./Pods/.Target.bak
./Pods/.Target.bak
./Pods/.Target.bak
./Pods/.Target.bak
./Pods/.Target.bak
./Pods/.Target.bak
./Pods/.Target.bak
./Pods/.Target.bak
./Pods/.Target.bak
./Pods/.Target.bak
./Pods/.Target.bak
./Pods/.Target.bak
./Pods/.Target.bak
./Pods/.Target.bak
./Pods/.Target.bak
./Pods/.Target.bak
./Pods/.Target.bak
./Pods/.Target.bak
./Pods/.Target.bak
